Copyright 1986-2019 Xilinx, Inc. All Rights Reserved.
-------------------------------------------------------------------------------------------------------------------------------------------
| Tool Version     : Vivado v.2019.1 (win64) Build 2552052 Fri May 24 14:49:42 MDT 2019
| Date             : Thu Mar  9 13:53:49 2023
| Host             : DESKTOP-EKRNG38 running 64-bit major release  (build 9200)
| Command          : report_power -file DUC_DAC_power_routed.rpt -pb DUC_DAC_power_summary_routed.pb -rpx DUC_DAC_power_routed.rpx
| Design           : DUC_DAC
| Device           : xc7z020clg484-1
| Design State     : routed
| Grade            : commercial
| Process          : typical
| Characterization : Production
-------------------------------------------------------------------------------------------------------------------------------------------

Power Report

Table of Contents
-----------------
1. Summary
1.1 On-Chip Components
1.2 Power Supply Summary
1.3 Confidence Level
2. Settings
2.1 Environment
2.2 Clock Constraints
3. Detailed Reports
3.1 By Hierarchy

1. Summary
----------

+--------------------------+--------------+
| Total On-Chip Power (W)  | 0.261        |
| Design Power Budget (W)  | Unspecified* |
| Power Budget Margin (W)  | NA           |
| Dynamic (W)              | 0.152        |
| Device Static (W)        | 0.109        |
| Effective TJA (C/W)      | 11.5         |
| Max Ambient (C)          | 82.0         |
| Junction Temperature (C) | 28.0         |
| Confidence Level         | Low          |
| Setting File             | ---          |
| Simulation Activity File | ---          |
| Design Nets Matched      | NA           |
+--------------------------+--------------+
* Specify Design Power Budget using, set_operating_conditions -design_power_budget <value in Watts>


1.1 On-Chip Components
----------------------

+--------------------------+-----------+----------+-----------+-----------------+
| On-Chip                  | Power (W) | Used     | Available | Utilization (%) |
+--------------------------+-----------+----------+-----------+-----------------+
| Clocks                   |    <0.001 |        5 |       --- |             --- |
| Slice Logic              |     0.008 |    22662 |       --- |             --- |
|   LUT as Logic           |     0.006 |     5466 |     53200 |           10.27 |
|   CARRY4                 |    <0.001 |      488 |     13300 |            3.67 |
|   Register               |    <0.001 |    12463 |    106400 |           11.71 |
|   LUT as Distributed RAM |    <0.001 |      992 |     17400 |            5.70 |
|   LUT as Shift Register  |    <0.001 |      380 |     17400 |            2.18 |
|   F7/F8 Muxes            |    <0.001 |       14 |     53200 |            0.03 |
|   BUFG                   |    <0.001 |        2 |        32 |            6.25 |
|   Others                 |     0.000 |      495 |       --- |             --- |
| Signals                  |     0.011 |    18428 |       --- |             --- |
| Block RAM                |    <0.001 |       13 |       140 |            9.29 |
| MMCM                     |     0.104 |        1 |         4 |           25.00 |
| DSPs                     |     0.020 |       72 |       220 |           32.73 |
| I/O                      |     0.008 |       30 |       200 |           15.00 |
| Static Power             |     0.109 |          |           |                 |
| Total                    |     0.261 |          |           |                 |
+--------------------------+-----------+----------+-----------+-----------------+


1.2 Power Supply Summary
------------------------

+-----------+-------------+-----------+-------------+------------+
| Source    | Voltage (V) | Total (A) | Dynamic (A) | Static (A) |
+-----------+-------------+-----------+-------------+------------+
| Vccint    |       1.000 |     0.048 |       0.040 |      0.008 |
| Vccaux    |       1.800 |     0.069 |       0.058 |      0.011 |
| Vcco33    |       3.300 |     0.003 |       0.002 |      0.001 |
| Vcco25    |       2.500 |     0.000 |       0.000 |      0.000 |
| Vcco18    |       1.800 |     0.000 |       0.000 |      0.000 |
| Vcco15    |       1.500 |     0.000 |       0.000 |      0.000 |
| Vcco135   |       1.350 |     0.000 |       0.000 |      0.000 |
| Vcco12    |       1.200 |     0.000 |       0.000 |      0.000 |
| Vccaux_io |       1.800 |     0.000 |       0.000 |      0.000 |
| Vccbram   |       1.000 |     0.001 |       0.000 |      0.001 |
| MGTAVcc   |       1.000 |     0.000 |       0.000 |      0.000 |
| MGTAVtt   |       1.200 |     0.000 |       0.000 |      0.000 |
| MGTVccaux |       1.800 |     0.000 |       0.000 |      0.000 |
| Vccpint   |       1.000 |     0.017 |       0.000 |      0.017 |
| Vccpaux   |       1.800 |     0.010 |       0.000 |      0.010 |
| Vccpll    |       1.800 |     0.003 |       0.000 |      0.003 |
| Vcco_ddr  |       1.500 |     0.000 |       0.000 |      0.000 |
| Vcco_mio0 |       1.800 |     0.000 |       0.000 |      0.000 |
| Vcco_mio1 |       1.800 |     0.000 |       0.000 |      0.000 |
| Vccadc    |       1.800 |     0.020 |       0.000 |      0.020 |
+-----------+-------------+-----------+-------------+------------+


1.3 Confidence Level
--------------------

+-----------------------------+------------+--------------------------------------------------------+--------------------------------------------------------------------------------------------------------------------+
| User Input Data             | Confidence | Details                                                | Action                                                                                                             |
+-----------------------------+------------+--------------------------------------------------------+--------------------------------------------------------------------------------------------------------------------+
| Design implementation state | High       | Design is routed                                       |                                                                                                                    |
| Clock nodes activity        | Low        | User specified less than 75% of clocks                 | Provide missing clock activity with a constraint file, simulation results or by editing the "By Clock Domain" view |
| I/O nodes activity          | Low        | More than 75% of inputs are missing user specification | Provide missing input activity with simulation results or by editing the "By Resource Type -> I/Os" view           |
| Internal nodes activity     | Medium     | User specified less than 25% of internal nodes         | Provide missing internal nodes activity with simulation results or by editing the "By Resource Type" views         |
| Device models               | High       | Device models are Production                           |                                                                                                                    |
|                             |            |                                                        |                                                                                                                    |
| Overall confidence level    | Low        |                                                        |                                                                                                                    |
+-----------------------------+------------+--------------------------------------------------------+--------------------------------------------------------------------------------------------------------------------+


2. Settings
-----------

2.1 Environment
---------------

+-----------------------+------------------------+
| Ambient Temp (C)      | 25.0                   |
| ThetaJA (C/W)         | 11.5                   |
| Airflow (LFM)         | 250                    |
| Heat Sink             | none                   |
| ThetaSA (C/W)         | 0.0                    |
| Board Selection       | medium (10"x10")       |
| # of Board Layers     | 8to11 (8 to 11 Layers) |
| Board Temperature (C) | 25.0                   |
+-----------------------+------------------------+


2.2 Clock Constraints
---------------------

+--------------------+-----------------------------------------------+-----------------+
| Clock              | Domain                                        | Constraint (ns) |
+--------------------+-----------------------------------------------+-----------------+
| clk_in             | clk_in                                        |            10.0 |
| clk_out1_clk_wiz_0 | OFDM_UC1/clk_wiz_inst/inst/clk_out1_clk_wiz_0 |           122.1 |
| clkfbout_clk_wiz_0 | OFDM_UC1/clk_wiz_inst/inst/clkfbout_clk_wiz_0 |            80.0 |
+--------------------+-----------------------------------------------+-----------------+


3. Detailed Reports
-------------------

3.1 By Hierarchy
----------------

+-------------------------------+-----------+
| Name                          | Power (W) |
+-------------------------------+-----------+
| DUC_DAC                       |     0.152 |
|   OFDM_UC1                    |     0.144 |
|     clk_wiz_inst              |     0.104 |
|       inst                    |     0.104 |
|     u_HDL_DUC                 |     0.013 |
|       u_Halfband_Interpolator |     0.002 |
|       u_Lowpass_Interpolator  |     0.009 |
|     u_OFDM_Transmitter        |     0.024 |
|       u_whdlOFDMTx_Model      |     0.024 |
|     u_OFDM_UC_tc              |     0.002 |
+-------------------------------+-----------+


